Warning[205] C:\USERS\STEEV\DOCUMENTS\ECOLE\ECE\ING4\MICROCONTROLEURS\PROJET\RECTANGULARWAVEGENERATORMODE.X\RECTANGULARWAVEGENERATORMODE.ASM 4 : Found directive in column 1. (CONFIG)
Warning[205] C:\USERS\STEEV\DOCUMENTS\ECOLE\ECE\ING4\MICROCONTROLEURS\PROJET\RECTANGULARWAVEGENERATORMODE.X\RECTANGULARWAVEGENERATORMODE.ASM 5 : Found directive in column 1. (CONFIG)
Warning[205] C:\USERS\STEEV\DOCUMENTS\ECOLE\ECE\ING4\MICROCONTROLEURS\PROJET\RECTANGULARWAVEGENERATORMODE.X\RECTANGULARWAVEGENERATORMODE.ASM 6 : Found directive in column 1. (CONFIG)
Warning[205] C:\USERS\STEEV\DOCUMENTS\ECOLE\ECE\ING4\MICROCONTROLEURS\PROJET\RECTANGULARWAVEGENERATORMODE.X\RECTANGULARWAVEGENERATORMODE.ASM 7 : Found directive in column 1. (CONFIG)
Warning[205] C:\USERS\STEEV\DOCUMENTS\ECOLE\ECE\ING4\MICROCONTROLEURS\PROJET\RECTANGULARWAVEGENERATORMODE.X\RECTANGULARWAVEGENERATORMODE.ASM 8 : Found directive in column 1. (CONFIG)
Warning[205] C:\USERS\STEEV\DOCUMENTS\ECOLE\ECE\ING4\MICROCONTROLEURS\PROJET\RECTANGULARWAVEGENERATORMODE.X\RECTANGULARWAVEGENERATORMODE.ASM 9 : Found directive in column 1. (CONFIG)
Warning[205] C:\USERS\STEEV\DOCUMENTS\ECOLE\ECE\ING4\MICROCONTROLEURS\PROJET\RECTANGULARWAVEGENERATORMODE.X\RECTANGULARWAVEGENERATORMODE.ASM 41 : Found directive in column 1. (org)
Warning[205] C:\USERS\STEEV\DOCUMENTS\ECOLE\ECE\ING4\MICROCONTROLEURS\PROJET\RECTANGULARWAVEGENERATORMODE.X\RECTANGULARWAVEGENERATORMODE.ASM 43 : Found directive in column 1. (org)
Warning[203] C:\USERS\STEEV\DOCUMENTS\ECOLE\ECE\ING4\MICROCONTROLEURS\PROJET\RECTANGULARWAVEGENERATORMODE.X\RECTANGULARWAVEGENERATORMODE.ASM 80 : Found opcode in column 1. (RETURN)
Warning[203] C:\USERS\STEEV\DOCUMENTS\ECOLE\ECE\ING4\MICROCONTROLEURS\PROJET\RECTANGULARWAVEGENERATORMODE.X\RECTANGULARWAVEGENERATORMODE.ASM 92 : Found opcode in column 1. (RETURN)
Warning[203] C:\USERS\STEEV\DOCUMENTS\ECOLE\ECE\ING4\MICROCONTROLEURS\PROJET\RECTANGULARWAVEGENERATORMODE.X\RECTANGULARWAVEGENERATORMODE.ASM 100 : Found opcode in column 1. (RETURN)
Warning[202] C:\USERS\STEEV\DOCUMENTS\ECOLE\ECE\ING4\MICROCONTROLEURS\PROJET\RECTANGULARWAVEGENERATORMODE.X\RECTANGULARWAVEGENERATORMODE.ASM 115 : Argument out of range.  Least significant bits used.
Warning[203] C:\USERS\STEEV\DOCUMENTS\ECOLE\ECE\ING4\MICROCONTROLEURS\PROJET\RECTANGULARWAVEGENERATORMODE.X\RECTANGULARWAVEGENERATORMODE.ASM 124 : Found opcode in column 1. (RETURN)
Warning[203] C:\USERS\STEEV\DOCUMENTS\ECOLE\ECE\ING4\MICROCONTROLEURS\PROJET\RECTANGULARWAVEGENERATORMODE.X\RECTANGULARWAVEGENERATORMODE.ASM 134 : Found opcode in column 1. (RETFIE)
Warning[207] C:\USERS\STEEV\DOCUMENTS\ECOLE\ECE\ING4\MICROCONTROLEURS\PROJET\RECTANGULARWAVEGENERATORMODE.X\RECTANGULARWAVEGENERATORMODE.ASM 141 : Found label after column 1. (WaitLoop)
Warning[203] C:\USERS\STEEV\DOCUMENTS\ECOLE\ECE\ING4\MICROCONTROLEURS\PROJET\RECTANGULARWAVEGENERATORMODE.X\RECTANGULARWAVEGENERATORMODE.ASM 144 : Found opcode in column 1. (RETURN)
Warning[203] C:\USERS\STEEV\DOCUMENTS\ECOLE\ECE\ING4\MICROCONTROLEURS\PROJET\RECTANGULARWAVEGENERATORMODE.X\RECTANGULARWAVEGENERATORMODE.ASM 157 : Found opcode in column 1. (RETURN)
Warning[202] C:\USERS\STEEV\DOCUMENTS\ECOLE\ECE\ING4\MICROCONTROLEURS\PROJET\RECTANGULARWAVEGENERATORMODE.X\RECTANGULARWAVEGENERATORMODE.ASM 162 : Argument out of range.  Least significant bits used.
Warning[202] C:\USERS\STEEV\DOCUMENTS\ECOLE\ECE\ING4\MICROCONTROLEURS\PROJET\RECTANGULARWAVEGENERATORMODE.X\RECTANGULARWAVEGENERATORMODE.ASM 168 : Argument out of range.  Least significant bits used.
Warning[203] C:\USERS\STEEV\DOCUMENTS\ECOLE\ECE\ING4\MICROCONTROLEURS\PROJET\RECTANGULARWAVEGENERATORMODE.X\RECTANGULARWAVEGENERATORMODE.ASM 185 : Found opcode in column 1. (RETURN)
Warning[203] C:\USERS\STEEV\DOCUMENTS\ECOLE\ECE\ING4\MICROCONTROLEURS\PROJET\RECTANGULARWAVEGENERATORMODE.X\RECTANGULARWAVEGENERATORMODE.ASM 232 : Found opcode in column 1. (RETURN)
Warning[207] C:\USERS\STEEV\DOCUMENTS\ECOLE\ECE\ING4\MICROCONTROLEURS\PROJET\RECTANGULARWAVEGENERATORMODE.X\RECTANGULARWAVEGENERATORMODE.ASM 243 : Found label after column 1. (dis_mark1)
Warning[207] C:\USERS\STEEV\DOCUMENTS\ECOLE\ECE\ING4\MICROCONTROLEURS\PROJET\RECTANGULARWAVEGENERATORMODE.X\RECTANGULARWAVEGENERATORMODE.ASM 248 : Found label after column 1. (dis_mark2)
Warning[207] C:\USERS\STEEV\DOCUMENTS\ECOLE\ECE\ING4\MICROCONTROLEURS\PROJET\RECTANGULARWAVEGENERATORMODE.X\RECTANGULARWAVEGENERATORMODE.ASM 253 : Found label after column 1. (dis_mark3)
Warning[207] C:\USERS\STEEV\DOCUMENTS\ECOLE\ECE\ING4\MICROCONTROLEURS\PROJET\RECTANGULARWAVEGENERATORMODE.X\RECTANGULARWAVEGENERATORMODE.ASM 258 : Found label after column 1. (dis_mark4)
Warning[207] C:\USERS\STEEV\DOCUMENTS\ECOLE\ECE\ING4\MICROCONTROLEURS\PROJET\RECTANGULARWAVEGENERATORMODE.X\RECTANGULARWAVEGENERATORMODE.ASM 263 : Found label after column 1. (dis_mark5)
Warning[207] C:\USERS\STEEV\DOCUMENTS\ECOLE\ECE\ING4\MICROCONTROLEURS\PROJET\RECTANGULARWAVEGENERATORMODE.X\RECTANGULARWAVEGENERATORMODE.ASM 268 : Found label after column 1. (dis_mark6)
Warning[207] C:\USERS\STEEV\DOCUMENTS\ECOLE\ECE\ING4\MICROCONTROLEURS\PROJET\RECTANGULARWAVEGENERATORMODE.X\RECTANGULARWAVEGENERATORMODE.ASM 273 : Found label after column 1. (dis_mark7)
Warning[207] C:\USERS\STEEV\DOCUMENTS\ECOLE\ECE\ING4\MICROCONTROLEURS\PROJET\RECTANGULARWAVEGENERATORMODE.X\RECTANGULARWAVEGENERATORMODE.ASM 278 : Found label after column 1. (dis_mark8)
Warning[207] C:\USERS\STEEV\DOCUMENTS\ECOLE\ECE\ING4\MICROCONTROLEURS\PROJET\RECTANGULARWAVEGENERATORMODE.X\RECTANGULARWAVEGENERATORMODE.ASM 283 : Found label after column 1. (dis_error)
Warning[207] C:\USERS\STEEV\DOCUMENTS\ECOLE\ECE\ING4\MICROCONTROLEURS\PROJET\RECTANGULARWAVEGENERATORMODE.X\RECTANGULARWAVEGENERATORMODE.ASM 287 : Found label after column 1. (dis_is_0)
Warning[207] C:\USERS\STEEV\DOCUMENTS\ECOLE\ECE\ING4\MICROCONTROLEURS\PROJET\RECTANGULARWAVEGENERATORMODE.X\RECTANGULARWAVEGENERATORMODE.ASM 288 : Found label after column 1. (dis_is_1)
Warning[207] C:\USERS\STEEV\DOCUMENTS\ECOLE\ECE\ING4\MICROCONTROLEURS\PROJET\RECTANGULARWAVEGENERATORMODE.X\RECTANGULARWAVEGENERATORMODE.ASM 289 : Found label after column 1. (dis_is_2)
Warning[207] C:\USERS\STEEV\DOCUMENTS\ECOLE\ECE\ING4\MICROCONTROLEURS\PROJET\RECTANGULARWAVEGENERATORMODE.X\RECTANGULARWAVEGENERATORMODE.ASM 290 : Found label after column 1. (dis_is_3)
Warning[207] C:\USERS\STEEV\DOCUMENTS\ECOLE\ECE\ING4\MICROCONTROLEURS\PROJET\RECTANGULARWAVEGENERATORMODE.X\RECTANGULARWAVEGENERATORMODE.ASM 291 : Found label after column 1. (dis_is_4)
Warning[207] C:\USERS\STEEV\DOCUMENTS\ECOLE\ECE\ING4\MICROCONTROLEURS\PROJET\RECTANGULARWAVEGENERATORMODE.X\RECTANGULARWAVEGENERATORMODE.ASM 292 : Found label after column 1. (dis_is_5)
Warning[207] C:\USERS\STEEV\DOCUMENTS\ECOLE\ECE\ING4\MICROCONTROLEURS\PROJET\RECTANGULARWAVEGENERATORMODE.X\RECTANGULARWAVEGENERATORMODE.ASM 293 : Found label after column 1. (dis_is_6)
Warning[207] C:\USERS\STEEV\DOCUMENTS\ECOLE\ECE\ING4\MICROCONTROLEURS\PROJET\RECTANGULARWAVEGENERATORMODE.X\RECTANGULARWAVEGENERATORMODE.ASM 294 : Found label after column 1. (dis_is_7)
Warning[207] C:\USERS\STEEV\DOCUMENTS\ECOLE\ECE\ING4\MICROCONTROLEURS\PROJET\RECTANGULARWAVEGENERATORMODE.X\RECTANGULARWAVEGENERATORMODE.ASM 295 : Found label after column 1. (dis_is_8)
Warning[207] C:\USERS\STEEV\DOCUMENTS\ECOLE\ECE\ING4\MICROCONTROLEURS\PROJET\RECTANGULARWAVEGENERATORMODE.X\RECTANGULARWAVEGENERATORMODE.ASM 296 : Found label after column 1. (dis_is_9)
Warning[207] C:\USERS\STEEV\DOCUMENTS\ECOLE\ECE\ING4\MICROCONTROLEURS\PROJET\RECTANGULARWAVEGENERATORMODE.X\RECTANGULARWAVEGENERATORMODE.ASM 297 : Found label after column 1. (dis_is_error)
Warning[203] C:\USERS\STEEV\DOCUMENTS\ECOLE\ECE\ING4\MICROCONTROLEURS\PROJET\RECTANGULARWAVEGENERATORMODE.X\RECTANGULARWAVEGENERATORMODE.ASM 298 : Found opcode in column 1. (RETURN)
Warning[203] C:\USERS\STEEV\DOCUMENTS\ECOLE\ECE\ING4\MICROCONTROLEURS\PROJET\RECTANGULARWAVEGENERATORMODE.X\RECTANGULARWAVEGENERATORMODE.ASM 318 : Found opcode in column 1. (RETURN)
Warning[203] C:\USERS\STEEV\DOCUMENTS\ECOLE\ECE\ING4\MICROCONTROLEURS\PROJET\RECTANGULARWAVEGENERATORMODE.X\RECTANGULARWAVEGENERATORMODE.ASM 325 : Found opcode in column 1. (RETURN)
Warning[203] C:\USERS\STEEV\DOCUMENTS\ECOLE\ECE\ING4\MICROCONTROLEURS\PROJET\RECTANGULARWAVEGENERATORMODE.X\RECTANGULARWAVEGENERATORMODE.ASM 346 : Found opcode in column 1. (RETURN)
Warning[203] C:\USERS\STEEV\DOCUMENTS\ECOLE\ECE\ING4\MICROCONTROLEURS\PROJET\RECTANGULARWAVEGENERATORMODE.X\RECTANGULARWAVEGENERATORMODE.ASM 358 : Found opcode in column 1. (RETURN)
Warning[203] C:\USERS\STEEV\DOCUMENTS\ECOLE\ECE\ING4\MICROCONTROLEURS\PROJET\RECTANGULARWAVEGENERATORMODE.X\RECTANGULARWAVEGENERATORMODE.ASM 379 : Found opcode in column 1. (RETURN)
Warning[203] C:\USERS\STEEV\DOCUMENTS\ECOLE\ECE\ING4\MICROCONTROLEURS\PROJET\RECTANGULARWAVEGENERATORMODE.X\RECTANGULARWAVEGENERATORMODE.ASM 400 : Found opcode in column 1. (RETURN)
Warning[203] C:\USERS\STEEV\DOCUMENTS\ECOLE\ECE\ING4\MICROCONTROLEURS\PROJET\RECTANGULARWAVEGENERATORMODE.X\RECTANGULARWAVEGENERATORMODE.ASM 421 : Found opcode in column 1. (RETURN)
Warning[203] C:\USERS\STEEV\DOCUMENTS\ECOLE\ECE\ING4\MICROCONTROLEURS\PROJET\RECTANGULARWAVEGENERATORMODE.X\RECTANGULARWAVEGENERATORMODE.ASM 442 : Found opcode in column 1. (RETURN)
Warning[203] C:\USERS\STEEV\DOCUMENTS\ECOLE\ECE\ING4\MICROCONTROLEURS\PROJET\RECTANGULARWAVEGENERATORMODE.X\RECTANGULARWAVEGENERATORMODE.ASM 463 : Found opcode in column 1. (RETURN)
Warning[203] C:\USERS\STEEV\DOCUMENTS\ECOLE\ECE\ING4\MICROCONTROLEURS\PROJET\RECTANGULARWAVEGENERATORMODE.X\RECTANGULARWAVEGENERATORMODE.ASM 484 : Found opcode in column 1. (RETURN)
Warning[203] C:\USERS\STEEV\DOCUMENTS\ECOLE\ECE\ING4\MICROCONTROLEURS\PROJET\RECTANGULARWAVEGENERATORMODE.X\RECTANGULARWAVEGENERATORMODE.ASM 505 : Found opcode in column 1. (RETURN)
Warning[203] C:\USERS\STEEV\DOCUMENTS\ECOLE\ECE\ING4\MICROCONTROLEURS\PROJET\RECTANGULARWAVEGENERATORMODE.X\RECTANGULARWAVEGENERATORMODE.ASM 526 : Found opcode in column 1. (RETURN)
Warning[203] C:\USERS\STEEV\DOCUMENTS\ECOLE\ECE\ING4\MICROCONTROLEURS\PROJET\RECTANGULARWAVEGENERATORMODE.X\RECTANGULARWAVEGENERATORMODE.ASM 533 : Found opcode in column 1. (RETURN)
Warning[202] C:\USERS\STEEV\DOCUMENTS\ECOLE\ECE\ING4\MICROCONTROLEURS\PROJET\RECTANGULARWAVEGENERATORMODE.X\RECTANGULARWAVEGENERATORMODE.ASM 538 : Argument out of range.  Least significant bits used.
Warning[203] C:\USERS\STEEV\DOCUMENTS\ECOLE\ECE\ING4\MICROCONTROLEURS\PROJET\RECTANGULARWAVEGENERATORMODE.X\RECTANGULARWAVEGENERATORMODE.ASM 545 : Found opcode in column 1. (RETURN)
Warning[205] C:\USERS\STEEV\DOCUMENTS\ECOLE\ECE\ING4\MICROCONTROLEURS\PROJET\RECTANGULARWAVEGENERATORMODE.X\RECTANGULARWAVEGENERATORMODE.ASM 548 : Found directive in column 1. (END)
